app/build/intermediates/manifest_merge_blame_file/debug/manifest-merger-blame-debug-report.txt
1<?xml version="1.0" encoding="utf-8"?>
2<manifest xmlns:android="http://schemas.android.com/apk/res/android"
3    package="com.isabelasoft.MessageAutomation"
4    android:versionCode="1"
5    android:versionName="1.0" >
6
7    <uses-sdk
8        android:minSdkVersion="16"
8-->src/main/AndroidManifest.xml
9        android:targetSdkVersion="30" />
9-->src/main/AndroidManifest.xml
10
11    <uses-permission android:name="android.permission.READ_PHONE_STATE" />
11-->src/main/AndroidManifest.xml:37:5-75
11-->src/main/AndroidManifest.xml:37:22-72
12    <uses-permission android:name="android.permission.READ_CALL_LOG" />
12-->src/main/AndroidManifest.xml:38:5-72
12-->src/main/AndroidManifest.xml:38:22-69
13    <uses-permission android:name="android.permission.CALL_PHONE" />
13-->src/main/AndroidManifest.xml:39:5-69
13-->src/main/AndroidManifest.xml:39:22-66
14    <uses-permission android:name="android.permission.SEND_SMS" />
14-->src/main/AndroidManifest.xml:40:5-67
14-->src/main/AndroidManifest.xml:40:22-64
15
16    <application
16-->src/main/AndroidManifest.xml:6:5-35:19
17        android:name="androidx.multidex.MultiDexApplication"
17-->src/main/AndroidManifest.xml:7:9-61
18        android:allowBackup="true"
18-->src/main/AndroidManifest.xml:8:9-35
19        android:appComponentFactory="androidx.core.app.CoreComponentFactory"
19-->[androidx.core:core:1.3.0] AndroidManifest.xml:24:18-86
20        android:debuggable="true"
21        android:icon="@mipmap/ic_launcher"
21-->src/main/AndroidManifest.xml:9:9-43
22        android:label="@string/app_name"
22-->src/main/AndroidManifest.xml:10:9-41
23        android:roundIcon="@mipmap/ic_launcher_round"
23-->src/main/AndroidManifest.xml:11:9-54
24        android:supportsRtl="true"
24-->src/main/AndroidManifest.xml:12:9-35
25        android:testOnly="true"
26        android:theme="@style/AppTheme" >
26-->src/main/AndroidManifest.xml:13:9-40
27        <activity
27-->src/main/AndroidManifest.xml:14:9-23:20
28            android:name="com.isabelasoft.MessageAutomation.MainActivity"
28-->src/main/AndroidManifest.xml:15:13-41
29            android:label="@string/app_name"
29-->src/main/AndroidManifest.xml:16:13-45
30            android:theme="@style/AppTheme.NoActionBar" >
30-->src/main/AndroidManifest.xml:17:13-56
31            <intent-filter>
31-->src/main/AndroidManifest.xml:18:13-22:29
32                <action android:name="android.intent.action.MAIN" />
32-->src/main/AndroidManifest.xml:19:17-69
32-->src/main/AndroidManifest.xml:19:25-66
33
34                <category android:name="android.intent.category.LAUNCHER" />
34-->src/main/AndroidManifest.xml:21:17-77
34-->src/main/AndroidManifest.xml:21:27-74
35            </intent-filter>
36        </activity>
37
38        <receiver android:name="com.isabelasoft.MessageAutomation.Telephony.PhoneStateReceiver" >
38-->src/main/AndroidManifest.xml:25:9-30:20
38-->src/main/AndroidManifest.xml:25:19-63
39            <intent-filter>
39-->src/main/AndroidManifest.xml:26:13-29:29
40                <action android:name="android.intent.action.PHONE_STATE" />
40-->src/main/AndroidManifest.xml:27:17-76
40-->src/main/AndroidManifest.xml:27:25-73
41                <action android:name="android.intent.action.READ_CALL_LOG" />
41-->src/main/AndroidManifest.xml:28:17-78
41-->src/main/AndroidManifest.xml:28:25-75
42            </intent-filter>
43        </receiver>
44
45        <service
45-->src/main/AndroidManifest.xml:31:9-34:47
46            android:name="com.isabelasoft.MessageAutomation.ApplicationService"
46-->src/main/AndroidManifest.xml:32:13-47
47            android:enabled="true"
47-->src/main/AndroidManifest.xml:33:13-35
48            android:exported="true" />
48-->src/main/AndroidManifest.xml:34:13-36
49        <service
49-->[androidx.room:room-runtime:2.2.5] AndroidManifest.xml:25:9-28:40
50            android:name="androidx.room.MultiInstanceInvalidationService"
50-->[androidx.room:room-runtime:2.2.5] AndroidManifest.xml:26:13-74
51            android:directBootAware="true"
51-->[androidx.room:room-runtime:2.2.5] AndroidManifest.xml:27:13-43
52            android:exported="false" />
52-->[androidx.room:room-runtime:2.2.5] AndroidManifest.xml:28:13-37
53    </application>
54
55</manifest>